+ cp ./benchmarks/hardware/run_hcmt.sh /root/lab20-DBx1000-2/results/2021-03-10_17-58-58
+ cp /root/lab20-DBx1000-2/benchmarks/hardware/numa.json /root/lab20-DBx1000-2/results/2021-03-10_17-58-58
+ pre_exec='sudo nice --18'
+ export SEGFAULT_SIGNALS=all
+ SEGFAULT_SIGNALS=all
+ pre_exec='catchsegv sudo nice --18'
+ echo 'Measuring only from CPU node 0'
Measuring only from CPU node 0
+ pre_exec='catchsegv sudo nice --18 numactl -N0'
+ mkdir -p /dev/shm/2021-03-10_17-58-58/hcmt
+ unzip /root/hcmtsetup.zip -d /dev/shm/2021-03-10_17-58-58/hcmt
Archive:  /root/hcmtsetup.zip
  inflating: /dev/shm/2021-03-10_17-58-58/hcmt/hcmt  
  inflating: /dev/shm/2021-03-10_17-58-58/hcmt/hcmtplugins/libfsperfrun.so  
  inflating: /dev/shm/2021-03-10_17-58-58/hcmt/hcmtplugins/libnumaperfrun.so  
  inflating: /dev/shm/2021-03-10_17-58-58/hcmt/hcmtplugins/libbiosrun.so  
  inflating: /dev/shm/2021-03-10_17-58-58/hcmt/hcmtplugins/libnetworkrun.so  
  inflating: /dev/shm/2021-03-10_17-58-58/hcmt/hcmtplugins/libcpuperfrun.so  
  inflating: /dev/shm/2021-03-10_17-58-58/hcmt/config/executionplan.json  
  inflating: /dev/shm/2021-03-10_17-58-58/hcmt/config/multivolume.json  
  inflating: /dev/shm/2021-03-10_17-58-58/hcmt/config/full_executionplan.json  
  inflating: /dev/shm/2021-03-10_17-58-58/hcmt/config/netserver.json  
  inflating: /dev/shm/2021-03-10_17-58-58/hcmt/config/netclient.json  
  inflating: /dev/shm/2021-03-10_17-58-58/hcmt/config/hciconsistency.json  
  inflating: /dev/shm/2021-03-10_17-58-58/hcmt/config/quickcheck.json  
  inflating: /dev/shm/2021-03-10_17-58-58/hcmt/lib/libhdbbasis.so  
  inflating: /dev/shm/2021-03-10_17-58-58/hcmt/lib/librtebasecore.so  
  inflating: /dev/shm/2021-03-10_17-58-58/hcmt/lib/librtebasesupp.so  
  inflating: /dev/shm/2021-03-10_17-58-58/hcmt/lib/libhdblttbase.so  
  inflating: /dev/shm/2021-03-10_17-58-58/hcmt/lib/libhdbversion.so  
  inflating: /dev/shm/2021-03-10_17-58-58/hcmt/lib/libhcmtjson.so  
  inflating: /dev/shm/2021-03-10_17-58-58/hcmt/lib/libstdc++.so.6.0.28  
  inflating: /dev/shm/2021-03-10_17-58-58/hcmt/lib/libstdc++.so.6  
  inflating: /dev/shm/2021-03-10_17-58-58/hcmt/lib/libstdc++.so  
  inflating: /dev/shm/2021-03-10_17-58-58/hcmt/lib/libgcc_s.so.1  
  inflating: /dev/shm/2021-03-10_17-58-58/hcmt/lib/libatomic.so.1  
+ retVal=0
+ '[' 0 -ne 0 ']'
+ chmod +x /dev/shm/2021-03-10_17-58-58/hcmt/hcmt
+ catchsegv sudo nice --18 numactl -N0 /dev/shm/2021-03-10_17-58-58/hcmt/hcmt -v -p /root/lab20-DBx1000-2/benchmarks/hardware/numa.json -q -y
+ tee /root/lab20-DBx1000-2/results/2021-03-10_17-58-58/hcmt.log
hcmt-2.00.056.00.1614850538 (2021-03-04 10:59:48)
Loading executionplan
Start execution of plan
Executing Test 36324424-F9CC-44DF-820752124C6A5652
Note: NUMA Memory Latency Test
	Plan Variant: Simple NUMA Memory Latency Check
	Repeat Count: 1
	.
Executing Test 113FE950-77A4-41CF-884BAF25F4EB27F0
Note: NUMA Memory Bandwidth Test
	Plan Variant: Simple NUMA Memory Bandwidth Check
	Repeat Count: 1
	.
Query manifest data
Query raw data
Done
+ unzip '/dev/shm/2021-03-10_17-58-58/hcmt/hcmtresult-*.zip' -d /root/lab20-DBx1000-2/results/2021-03-10_17-58-58
Archive:  /dev/shm/2021-03-10_17-58-58/hcmt/hcmtresult-20210310175901.zip
  inflating: /root/lab20-DBx1000-2/results/2021-03-10_17-58-58/RawInfo/ticks  
  inflating: /root/lab20-DBx1000-2/results/2021-03-10_17-58-58/Results/113FE950-77A4-41CF-884BAF25F4EB27F0.json  
  inflating: /root/lab20-DBx1000-2/results/2021-03-10_17-58-58/Results/36324424-F9CC-44DF-820752124C6A5652.json  
  inflating: /root/lab20-DBx1000-2/results/2021-03-10_17-58-58/config/executionplan.json  
  inflating: /root/lab20-DBx1000-2/results/2021-03-10_17-58-58/manifest.json  
+ rm -v -r /dev/shm/2021-03-10_17-58-58/hcmt
removed '/dev/shm/2021-03-10_17-58-58/hcmt/hcmtresult-20210310175901.zip'
removed '/dev/shm/2021-03-10_17-58-58/hcmt/lib/libatomic.so.1'
removed '/dev/shm/2021-03-10_17-58-58/hcmt/lib/libgcc_s.so.1'
removed '/dev/shm/2021-03-10_17-58-58/hcmt/lib/libstdc++.so'
removed '/dev/shm/2021-03-10_17-58-58/hcmt/lib/libstdc++.so.6'
removed '/dev/shm/2021-03-10_17-58-58/hcmt/lib/libstdc++.so.6.0.28'
removed '/dev/shm/2021-03-10_17-58-58/hcmt/lib/libhcmtjson.so'
removed '/dev/shm/2021-03-10_17-58-58/hcmt/lib/libhdbversion.so'
removed '/dev/shm/2021-03-10_17-58-58/hcmt/lib/libhdblttbase.so'
removed '/dev/shm/2021-03-10_17-58-58/hcmt/lib/librtebasesupp.so'
removed '/dev/shm/2021-03-10_17-58-58/hcmt/lib/librtebasecore.so'
removed '/dev/shm/2021-03-10_17-58-58/hcmt/lib/libhdbbasis.so'
removed directory '/dev/shm/2021-03-10_17-58-58/hcmt/lib'
removed '/dev/shm/2021-03-10_17-58-58/hcmt/config/quickcheck.json'
removed '/dev/shm/2021-03-10_17-58-58/hcmt/config/hciconsistency.json'
removed '/dev/shm/2021-03-10_17-58-58/hcmt/config/netclient.json'
removed '/dev/shm/2021-03-10_17-58-58/hcmt/config/netserver.json'
removed '/dev/shm/2021-03-10_17-58-58/hcmt/config/full_executionplan.json'
removed '/dev/shm/2021-03-10_17-58-58/hcmt/config/multivolume.json'
removed '/dev/shm/2021-03-10_17-58-58/hcmt/config/executionplan.json'
removed directory '/dev/shm/2021-03-10_17-58-58/hcmt/config'
removed '/dev/shm/2021-03-10_17-58-58/hcmt/hcmtplugins/libcpuperfrun.so'
removed '/dev/shm/2021-03-10_17-58-58/hcmt/hcmtplugins/libnetworkrun.so'
removed '/dev/shm/2021-03-10_17-58-58/hcmt/hcmtplugins/libbiosrun.so'
removed '/dev/shm/2021-03-10_17-58-58/hcmt/hcmtplugins/libnumaperfrun.so'
removed '/dev/shm/2021-03-10_17-58-58/hcmt/hcmtplugins/libfsperfrun.so'
removed directory '/dev/shm/2021-03-10_17-58-58/hcmt/hcmtplugins'
removed '/dev/shm/2021-03-10_17-58-58/hcmt/hcmt'
removed directory '/dev/shm/2021-03-10_17-58-58/hcmt'
+ chmod -R a+rw /root/lab20-DBx1000-2/results/2021-03-10_17-58-58
+ tail -n +29 /root/lab20-DBx1000-2/results/2021-03-10_17-58-58/Results/36324424-F9CC-44DF-820752124C6A5652.json
+ head -n20
    "Results": [{
      "MemoryLatency": [{
        "CPUNode": 0,
        "Latency": 97,
        "MemoryNode": 0
      }, {
        "CPUNode": 0,
        "Latency": 226,
        "MemoryNode": 1
      }, {
        "CPUNode": 0,
        "Latency": 259,
        "MemoryNode": 2
      }, {
        "CPUNode": 0,
        "Latency": 259,
        "MemoryNode": 3
      }, {
        "CPUNode": 0,
        "Latency": 386,
+ tail -n +29 /root/lab20-DBx1000-2/results/2021-03-10_17-58-58/Results/113FE950-77A4-41CF-884BAF25F4EB27F0.json
+ head -n20
    "Results": [{
      "MemoryBandwidth": [{
        "Bandwidth": 101314.15937698772,
        "CPUNode": 0,
        "MemoryNode": 0
      }, {
        "Bandwidth": 16336.096127549354,
        "CPUNode": 0,
        "MemoryNode": 1
      }, {
        "Bandwidth": 16105.138529981916,
        "CPUNode": 0,
        "MemoryNode": 2
      }, {
        "Bandwidth": 16135.516431603144,
        "CPUNode": 0,
        "MemoryNode": 3
      }, {
        "Bandwidth": 12461.181714308059,
        "CPUNode": 0,
